<?xml version="1.0" encoding="UTF-8"?>
<testng-results ignored="8" total="10" passed="2" failed="0" skipped="0">
  <reporter-output>
  </reporter-output>
  <suite started-at="2021-02-20T20:57:18 IST" name="Suite" finished-at="2021-02-20T20:57:18 IST" duration-ms="68">
    <groups>
      <group name="Sanity">
        <method signature="Test1.method3()[pri:0, instance:com.test.Test1@61d6015a]" name="method3" class="com.test.Test1"/>
        <method signature="Test2.method6()[pri:0, instance:com.test.Test2@2e1d27ba]" name="method6" class="com.test.Test2"/>
      </group> <!-- Sanity -->
    </groups>
    <test started-at="2021-02-20T20:57:18 IST" name="Test" finished-at="2021-02-20T20:57:18 IST" duration-ms="68">
      <class name="com.test.Test2">
        <test-method signature="method6()[pri:0, instance:com.test.Test2@2e1d27ba]" started-at="2021-02-20T20:57:18 IST" name="method6" finished-at="2021-02-20T20:57:18 IST" duration-ms="9" status="PASS">
          <reporter-output>
          </reporter-output>
        </test-method> <!-- method6 -->
      </class> <!-- com.test.Test2 -->
      <class name="com.test.Test1">
        <test-method signature="method3()[pri:0, instance:com.test.Test1@61d6015a]" started-at="2021-02-20T20:57:18 IST" name="method3" finished-at="2021-02-20T20:57:18 IST" duration-ms="2" status="PASS">
          <reporter-output>
          </reporter-output>
        </test-method> <!-- method3 -->
      </class> <!-- com.test.Test1 -->
    </test> <!-- Test -->
  </suite> <!-- Suite -->
</testng-results>
